#! /c/Source/iverilog-install/bin/vvp
:ivl_version "12.0 (devel)" "(s20150603-1539-g2693dd32b)";
:ivl_delay_selection "TYPICAL";
:vpi_time_precision - 12;
:vpi_module "C:\iverilog\lib\ivl\system.vpi";
:vpi_module "C:\iverilog\lib\ivl\vhdl_sys.vpi";
:vpi_module "C:\iverilog\lib\ivl\vhdl_textio.vpi";
:vpi_module "C:\iverilog\lib\ivl\v2005_math.vpi";
:vpi_module "C:\iverilog\lib\ivl\va_math.vpi";
S_000001d07db82240 .scope module, "tb_link_top" "tb_link_top" 2 2;
 .timescale -9 -12;
v000001d07dbd6f80_0 .var "clk", 0 0;
v000001d07dbd61c0_0 .net "done", 0 0, v000001d07dcbddd0_0;  1 drivers
v000001d07dbd6080_0 .var "rst", 0 0;
E_000001d07db68620 .event anyedge, v000001d07dcbddd0_0;
S_000001d07db823d0 .scope module, "dut" "link_top" 2 7, 3 1 0, S_000001d07db82240;
 .timescale -9 -12;
    .port_info 0 /INPUT 1 "clk";
    .port_info 1 /INPUT 1 "rst";
    .port_info 2 /OUTPUT 1 "done";
v000001d07dbd6260_0 .net "ack", 0 0, v000001d07db73910_0;  1 drivers
v000001d07dbd6e40_0 .net "clk", 0 0, v000001d07dbd6f80_0;  1 drivers
v000001d07dbd6300_0 .net "data", 7 0, v000001d07dcbdd30_0;  1 drivers
v000001d07dbd6ee0_0 .net "done", 0 0, v000001d07dcbddd0_0;  alias, 1 drivers
v000001d07dbd6440_0 .net "last_byte", 7 0, v000001d07db743a0_0;  1 drivers
v000001d07dbd64e0_0 .net "req", 0 0, v000001d07db42ce0_0;  1 drivers
v000001d07dbd6120_0 .net "rst", 0 0, v000001d07dbd6080_0;  1 drivers
S_000001d07dcbdb00 .scope module, "u_master" "master_fsm" 3 9, 4 1 0, S_000001d07db823d0;
 .timescale -9 -12;
    .port_info 0 /INPUT 1 "clk";
    .port_info 1 /INPUT 1 "rst";
    .port_info 2 /INPUT 1 "ack";
    .port_info 3 /OUTPUT 1 "req";
    .port_info 4 /OUTPUT 8 "data";
    .port_info 5 /OUTPUT 1 "done";
P_000001d07db82560 .param/l "DONE" 1 4 27, C4<101>;
P_000001d07db82598 .param/l "DROP_REQ" 1 4 25, C4<011>;
P_000001d07db825d0 .param/l "IDLE" 1 4 22, C4<000>;
P_000001d07db82608 .param/l "NEXT" 1 4 26, C4<100>;
P_000001d07db82640 .param/l "SEND" 1 4 23, C4<001>;
P_000001d07db82678 .param/l "WAIT_ACK" 1 4 24, C4<010>;
v000001d07dcbb8f0_0 .net "ack", 0 0, v000001d07db73910_0;  alias, 1 drivers
v000001d07dcbbcc0 .array "burst", 3 0, 7 0;
v000001d07dcbdc90_0 .net "clk", 0 0, v000001d07dbd6f80_0;  alias, 1 drivers
v000001d07dcbdd30_0 .var "data", 7 0;
v000001d07dcbddd0_0 .var "done", 0 0;
v000001d07dcbde70_0 .var "index", 1 0;
v000001d07db42ce0_0 .var "req", 0 0;
v000001d07db42d80_0 .net "rst", 0 0, v000001d07dbd6080_0;  alias, 1 drivers
v000001d07db42e20_0 .var "state", 2 0;
E_000001d07db68fe0 .event posedge, v000001d07dcbdc90_0;
S_000001d07db42ec0 .scope module, "u_slave" "slave_fsm" 3 14, 5 1 0, S_000001d07db823d0;
 .timescale -9 -12;
    .port_info 0 /INPUT 1 "clk";
    .port_info 1 /INPUT 1 "rst";
    .port_info 2 /INPUT 1 "req";
    .port_info 3 /INPUT 8 "data_in";
    .port_info 4 /OUTPUT 1 "ack";
    .port_info 5 /OUTPUT 8 "last_byte";
P_000001d07db43050 .param/l "DROP" 1 5 16, C4<011>;
P_000001d07db43088 .param/l "HOLD" 1 5 15, C4<010>;
P_000001d07db430c0 .param/l "IDLE" 1 5 13, C4<000>;
P_000001d07db430f8 .param/l "LATCH" 1 5 14, C4<001>;
v000001d07db73910_0 .var "ack", 0 0;
v000001d07db739b0_0 .net "clk", 0 0, v000001d07dbd6f80_0;  alias, 1 drivers
v000001d07db73a50_0 .net "data_in", 7 0, v000001d07dcbdd30_0;  alias, 1 drivers
v000001d07db74300_0 .var "hold_cnt", 1 0;
v000001d07db743a0_0 .var "last_byte", 7 0;
v000001d07db74440_0 .net "req", 0 0, v000001d07db42ce0_0;  alias, 1 drivers
v000001d07dbd68a0_0 .net "rst", 0 0, v000001d07dbd6080_0;  alias, 1 drivers
v000001d07dbd63a0_0 .var "state", 2 0;
    .scope S_000001d07dcbdb00;
T_0 ;
    %pushi/vec4 160, 0, 8;
    %ix/load 4, 0, 0;
    %flag_set/imm 4, 0;
    %store/vec4a v000001d07dcbbcc0, 4, 0;
    %pushi/vec4 161, 0, 8;
    %ix/load 4, 1, 0;
    %flag_set/imm 4, 0;
    %store/vec4a v000001d07dcbbcc0, 4, 0;
    %pushi/vec4 162, 0, 8;
    %ix/load 4, 2, 0;
    %flag_set/imm 4, 0;
    %store/vec4a v000001d07dcbbcc0, 4, 0;
    %pushi/vec4 163, 0, 8;
    %ix/load 4, 3, 0;
    %flag_set/imm 4, 0;
    %store/vec4a v000001d07dcbbcc0, 4, 0;
    %end;
    .thread T_0;
    .scope S_000001d07dcbdb00;
T_1 ;
    %wait E_000001d07db68fe0;
    %load/vec4 v000001d07db42d80_0;
    %flag_set/vec4 8;
    %jmp/0xz  T_1.0, 8;
    %pushi/vec4 0, 0, 3;
    %assign/vec4 v000001d07db42e20_0, 0;
    %pushi/vec4 0, 0, 1;
    %assign/vec4 v000001d07db42ce0_0, 0;
    %pushi/vec4 0, 0, 8;
    %assign/vec4 v000001d07dcbdd30_0, 0;
    %pushi/vec4 0, 0, 2;
    %assign/vec4 v000001d07dcbde70_0, 0;
    %pushi/vec4 0, 0, 1;
    %assign/vec4 v000001d07dcbddd0_0, 0;
    %jmp T_1.1;
T_1.0 ;
    %pushi/vec4 0, 0, 1;
    %assign/vec4 v000001d07dcbddd0_0, 0;
    %load/vec4 v000001d07db42e20_0;
    %dup/vec4;
    %pushi/vec4 0, 0, 3;
    %cmp/u;
    %jmp/1 T_1.2, 6;
    %dup/vec4;
    %pushi/vec4 1, 0, 3;
    %cmp/u;
    %jmp/1 T_1.3, 6;
    %dup/vec4;
    %pushi/vec4 2, 0, 3;
    %cmp/u;
    %jmp/1 T_1.4, 6;
    %dup/vec4;
    %pushi/vec4 3, 0, 3;
    %cmp/u;
    %jmp/1 T_1.5, 6;
    %dup/vec4;
    %pushi/vec4 4, 0, 3;
    %cmp/u;
    %jmp/1 T_1.6, 6;
    %dup/vec4;
    %pushi/vec4 5, 0, 3;
    %cmp/u;
    %jmp/1 T_1.7, 6;
    %jmp T_1.8;
T_1.2 ;
    %pushi/vec4 0, 0, 2;
    %assign/vec4 v000001d07dcbde70_0, 0;
    %pushi/vec4 0, 0, 1;
    %assign/vec4 v000001d07db42ce0_0, 0;
    %pushi/vec4 1, 0, 3;
    %assign/vec4 v000001d07db42e20_0, 0;
    %jmp T_1.8;
T_1.3 ;
    %load/vec4 v000001d07dcbde70_0;
    %pad/u 4;
    %ix/vec4 4;
    %load/vec4a v000001d07dcbbcc0, 4;
    %assign/vec4 v000001d07dcbdd30_0, 0;
    %pushi/vec4 1, 0, 1;
    %assign/vec4 v000001d07db42ce0_0, 0;
    %pushi/vec4 2, 0, 3;
    %assign/vec4 v000001d07db42e20_0, 0;
    %jmp T_1.8;
T_1.4 ;
    %load/vec4 v000001d07dcbb8f0_0;
    %flag_set/vec4 8;
    %jmp/0xz  T_1.9, 8;
    %pushi/vec4 3, 0, 3;
    %assign/vec4 v000001d07db42e20_0, 0;
T_1.9 ;
    %jmp T_1.8;
T_1.5 ;
    %pushi/vec4 0, 0, 1;
    %assign/vec4 v000001d07db42ce0_0, 0;
    %pushi/vec4 4, 0, 3;
    %assign/vec4 v000001d07db42e20_0, 0;
    %jmp T_1.8;
T_1.6 ;
    %load/vec4 v000001d07dcbde70_0;
    %cmpi/e 3, 0, 2;
    %jmp/0xz  T_1.11, 4;
    %pushi/vec4 5, 0, 3;
    %assign/vec4 v000001d07db42e20_0, 0;
    %jmp T_1.12;
T_1.11 ;
    %load/vec4 v000001d07dcbde70_0;
    %addi 1, 0, 2;
    %assign/vec4 v000001d07dcbde70_0, 0;
    %pushi/vec4 1, 0, 3;
    %assign/vec4 v000001d07db42e20_0, 0;
T_1.12 ;
    %jmp T_1.8;
T_1.7 ;
    %pushi/vec4 1, 0, 1;
    %assign/vec4 v000001d07dcbddd0_0, 0;
    %pushi/vec4 0, 0, 3;
    %assign/vec4 v000001d07db42e20_0, 0;
    %jmp T_1.8;
T_1.8 ;
    %pop/vec4 1;
T_1.1 ;
    %jmp T_1;
    .thread T_1;
    .scope S_000001d07db42ec0;
T_2 ;
    %wait E_000001d07db68fe0;
    %load/vec4 v000001d07dbd68a0_0;
    %flag_set/vec4 8;
    %jmp/0xz  T_2.0, 8;
    %pushi/vec4 0, 0, 3;
    %assign/vec4 v000001d07dbd63a0_0, 0;
    %pushi/vec4 0, 0, 1;
    %assign/vec4 v000001d07db73910_0, 0;
    %pushi/vec4 0, 0, 8;
    %assign/vec4 v000001d07db743a0_0, 0;
    %pushi/vec4 0, 0, 2;
    %assign/vec4 v000001d07db74300_0, 0;
    %jmp T_2.1;
T_2.0 ;
    %load/vec4 v000001d07dbd63a0_0;
    %dup/vec4;
    %pushi/vec4 0, 0, 3;
    %cmp/u;
    %jmp/1 T_2.2, 6;
    %dup/vec4;
    %pushi/vec4 2, 0, 3;
    %cmp/u;
    %jmp/1 T_2.3, 6;
    %dup/vec4;
    %pushi/vec4 3, 0, 3;
    %cmp/u;
    %jmp/1 T_2.4, 6;
    %jmp T_2.5;
T_2.2 ;
    %pushi/vec4 0, 0, 1;
    %assign/vec4 v000001d07db73910_0, 0;
    %load/vec4 v000001d07db74440_0;
    %flag_set/vec4 8;
    %jmp/0xz  T_2.6, 8;
    %load/vec4 v000001d07db73a50_0;
    %assign/vec4 v000001d07db743a0_0, 0;
    %pushi/vec4 1, 0, 1;
    %assign/vec4 v000001d07db73910_0, 0;
    %pushi/vec4 2, 0, 2;
    %assign/vec4 v000001d07db74300_0, 0;
    %pushi/vec4 2, 0, 3;
    %assign/vec4 v000001d07dbd63a0_0, 0;
T_2.6 ;
    %jmp T_2.5;
T_2.3 ;
    %load/vec4 v000001d07db74300_0;
    %pad/u 32;
    %cmpi/u 1, 0, 32;
    %flag_or 5, 4; GT is !LE
    %flag_inv 5;
    %jmp/0xz  T_2.8, 5;
    %load/vec4 v000001d07db74300_0;
    %subi 1, 0, 2;
    %assign/vec4 v000001d07db74300_0, 0;
    %jmp T_2.9;
T_2.8 ;
    %pushi/vec4 3, 0, 3;
    %assign/vec4 v000001d07dbd63a0_0, 0;
T_2.9 ;
    %jmp T_2.5;
T_2.4 ;
    %pushi/vec4 0, 0, 1;
    %assign/vec4 v000001d07db73910_0, 0;
    %load/vec4 v000001d07db74440_0;
    %nor/r;
    %flag_set/vec4 8;
    %jmp/0xz  T_2.10, 8;
    %pushi/vec4 0, 0, 3;
    %assign/vec4 v000001d07dbd63a0_0, 0;
T_2.10 ;
    %jmp T_2.5;
T_2.5 ;
    %pop/vec4 1;
T_2.1 ;
    %jmp T_2;
    .thread T_2;
    .scope S_000001d07db82240;
T_3 ;
    %pushi/vec4 0, 0, 1;
    %store/vec4 v000001d07dbd6f80_0, 0, 1;
    %end;
    .thread T_3;
    .scope S_000001d07db82240;
T_4 ;
    %delay 5000, 0;
    %load/vec4 v000001d07dbd6f80_0;
    %inv;
    %store/vec4 v000001d07dbd6f80_0, 0, 1;
    %jmp T_4;
    .thread T_4;
    .scope S_000001d07db82240;
T_5 ;
    %vpi_call 2 15 "$dumpfile", "dump.vcd" {0 0 0};
    %vpi_call 2 16 "$dumpvars", 32'sb00000000000000000000000000000000, S_000001d07db82240 {0 0 0};
    %pushi/vec4 1, 0, 1;
    %store/vec4 v000001d07dbd6080_0, 0, 1;
    %delay 15000, 0;
    %pushi/vec4 0, 0, 1;
    %store/vec4 v000001d07dbd6080_0, 0, 1;
T_5.0 ;
    %load/vec4 v000001d07dbd61c0_0;
    %cmpi/ne 1, 0, 1;
    %jmp/0xz T_5.1, 6;
    %wait E_000001d07db68620;
    %jmp T_5.0;
T_5.1 ;
    %delay 20000, 0;
    %vpi_call 2 23 "$finish" {0 0 0};
    %end;
    .thread T_5;
# The file index is used to find the file name in the following table.
:file_names 6;
    "N/A";
    "<interactive>";
    "tb_link_top.v";
    "link_top.v";
    "master_fsm.v";
    "slave_fsm.v";
