#! /c/Source/iverilog-install/bin/vvp
:ivl_version "12.0 (devel)" "(s20150603-1539-g2693dd32b)";
:ivl_delay_selection "TYPICAL";
:vpi_time_precision - 12;
:vpi_module "C:\iverilog\lib\ivl\system.vpi";
:vpi_module "C:\iverilog\lib\ivl\vhdl_sys.vpi";
:vpi_module "C:\iverilog\lib\ivl\vhdl_textio.vpi";
:vpi_module "C:\iverilog\lib\ivl\v2005_math.vpi";
:vpi_module "C:\iverilog\lib\ivl\va_math.vpi";
S_000001a435fc8240 .scope module, "tb_vending_mealy" "tb_vending_mealy" 2 2;
 .timescale -9 -12;
v000001a435fc3ad0_0 .net "chg5", 0 0, v000001a435f92f60_0;  1 drivers
v000001a435fc3b70_0 .var "clk", 0 0;
v000001a435fc3c10_0 .var "coin", 1 0;
v000001a435fc3cb0_0 .net "dispense", 0 0, v000001a435fc8600_0;  1 drivers
v000001a435fc3d50_0 .var "rst", 0 0;
S_000001a435fc83d0 .scope module, "dut" "vending_mealy" 2 8, 3 1 0, S_000001a435fc8240;
 .timescale -9 -12;
    .port_info 0 /INPUT 1 "clk";
    .port_info 1 /INPUT 1 "rst";
    .port_info 2 /INPUT 2 "coin";
    .port_info 3 /OUTPUT 1 "dispense";
    .port_info 4 /OUTPUT 1 "chg5";
P_000001a435f7beb0 .param/l "S0" 0 3 10, C4<00>;
P_000001a435f7bee8 .param/l "S10" 0 3 12, C4<10>;
P_000001a435f7bf20 .param/l "S15" 0 3 13, C4<11>;
P_000001a435f7bf58 .param/l "S5" 0 3 11, C4<01>;
v000001a435f92f60_0 .var "chg5", 0 0;
v000001a435fb6940_0 .net "clk", 0 0, v000001a435fc3b70_0;  1 drivers
v000001a435fc8560_0 .net "coin", 1 0, v000001a435fc3c10_0;  1 drivers
v000001a435fc8600_0 .var "dispense", 0 0;
v000001a435fc38f0_0 .var "next_state", 1 0;
v000001a435fc3990_0 .net "rst", 0 0, v000001a435fc3d50_0;  1 drivers
v000001a435fc3a30_0 .var "state", 1 0;
E_000001a435fb6be0 .event posedge, v000001a435fb6940_0;
E_000001a435fb70a0 .event anyedge, v000001a435fc3a30_0, v000001a435fc8560_0;
    .scope S_000001a435fc83d0;
T_0 ;
    %wait E_000001a435fb70a0;
    %load/vec4 v000001a435fc3a30_0;
    %store/vec4 v000001a435fc38f0_0, 0, 2;
    %pushi/vec4 0, 0, 1;
    %store/vec4 v000001a435fc8600_0, 0, 1;
    %pushi/vec4 0, 0, 1;
    %store/vec4 v000001a435f92f60_0, 0, 1;
    %load/vec4 v000001a435fc3a30_0;
    %dup/vec4;
    %pushi/vec4 0, 0, 2;
    %cmp/u;
    %jmp/1 T_0.0, 6;
    %dup/vec4;
    %pushi/vec4 1, 0, 2;
    %cmp/u;
    %jmp/1 T_0.1, 6;
    %dup/vec4;
    %pushi/vec4 2, 0, 2;
    %cmp/u;
    %jmp/1 T_0.2, 6;
    %dup/vec4;
    %pushi/vec4 3, 0, 2;
    %cmp/u;
    %jmp/1 T_0.3, 6;
    %jmp T_0.4;
T_0.0 ;
    %load/vec4 v000001a435fc8560_0;
    %cmpi/e 1, 0, 2;
    %jmp/0xz  T_0.5, 4;
    %pushi/vec4 1, 0, 2;
    %store/vec4 v000001a435fc38f0_0, 0, 2;
    %jmp T_0.6;
T_0.5 ;
    %load/vec4 v000001a435fc8560_0;
    %cmpi/e 2, 0, 2;
    %jmp/0xz  T_0.7, 4;
    %pushi/vec4 2, 0, 2;
    %store/vec4 v000001a435fc38f0_0, 0, 2;
T_0.7 ;
T_0.6 ;
    %jmp T_0.4;
T_0.1 ;
    %load/vec4 v000001a435fc8560_0;
    %cmpi/e 1, 0, 2;
    %jmp/0xz  T_0.9, 4;
    %pushi/vec4 2, 0, 2;
    %store/vec4 v000001a435fc38f0_0, 0, 2;
    %jmp T_0.10;
T_0.9 ;
    %load/vec4 v000001a435fc8560_0;
    %cmpi/e 2, 0, 2;
    %jmp/0xz  T_0.11, 4;
    %pushi/vec4 3, 0, 2;
    %store/vec4 v000001a435fc38f0_0, 0, 2;
T_0.11 ;
T_0.10 ;
    %jmp T_0.4;
T_0.2 ;
    %load/vec4 v000001a435fc8560_0;
    %cmpi/e 1, 0, 2;
    %jmp/0xz  T_0.13, 4;
    %pushi/vec4 3, 0, 2;
    %store/vec4 v000001a435fc38f0_0, 0, 2;
    %jmp T_0.14;
T_0.13 ;
    %load/vec4 v000001a435fc8560_0;
    %cmpi/e 2, 0, 2;
    %jmp/0xz  T_0.15, 4;
    %pushi/vec4 1, 0, 1;
    %store/vec4 v000001a435fc8600_0, 0, 1;
    %pushi/vec4 0, 0, 2;
    %store/vec4 v000001a435fc38f0_0, 0, 2;
T_0.15 ;
T_0.14 ;
    %jmp T_0.4;
T_0.3 ;
    %load/vec4 v000001a435fc8560_0;
    %cmpi/e 1, 0, 2;
    %jmp/0xz  T_0.17, 4;
    %pushi/vec4 1, 0, 1;
    %store/vec4 v000001a435fc8600_0, 0, 1;
    %pushi/vec4 0, 0, 2;
    %store/vec4 v000001a435fc38f0_0, 0, 2;
    %jmp T_0.18;
T_0.17 ;
    %load/vec4 v000001a435fc8560_0;
    %cmpi/e 2, 0, 2;
    %jmp/0xz  T_0.19, 4;
    %pushi/vec4 1, 0, 1;
    %store/vec4 v000001a435fc8600_0, 0, 1;
    %pushi/vec4 1, 0, 1;
    %store/vec4 v000001a435f92f60_0, 0, 1;
    %pushi/vec4 0, 0, 2;
    %store/vec4 v000001a435fc38f0_0, 0, 2;
T_0.19 ;
T_0.18 ;
    %jmp T_0.4;
T_0.4 ;
    %pop/vec4 1;
    %jmp T_0;
    .thread T_0, $push;
    .scope S_000001a435fc83d0;
T_1 ;
    %wait E_000001a435fb6be0;
    %load/vec4 v000001a435fc3990_0;
    %flag_set/vec4 8;
    %jmp/0xz  T_1.0, 8;
    %pushi/vec4 0, 0, 2;
    %assign/vec4 v000001a435fc3a30_0, 0;
    %jmp T_1.1;
T_1.0 ;
    %load/vec4 v000001a435fc38f0_0;
    %assign/vec4 v000001a435fc3a30_0, 0;
T_1.1 ;
    %jmp T_1;
    .thread T_1;
    .scope S_000001a435fc8240;
T_2 ;
    %pushi/vec4 0, 0, 1;
    %store/vec4 v000001a435fc3b70_0, 0, 1;
T_2.0 ;
    %delay 5000, 0;
    %load/vec4 v000001a435fc3b70_0;
    %inv;
    %store/vec4 v000001a435fc3b70_0, 0, 1;
    %jmp T_2.0;
    %end;
    .thread T_2;
    .scope S_000001a435fc8240;
T_3 ;
    %vpi_call 2 21 "$dumpfile", "waves/dump.vcd" {0 0 0};
    %vpi_call 2 22 "$dumpvars", 32'sb00000000000000000000000000000000, S_000001a435fc8240 {0 0 0};
    %pushi/vec4 1, 0, 1;
    %store/vec4 v000001a435fc3d50_0, 0, 1;
    %pushi/vec4 0, 0, 2;
    %store/vec4 v000001a435fc3c10_0, 0, 2;
    %delay 12000, 0;
    %pushi/vec4 0, 0, 1;
    %store/vec4 v000001a435fc3d50_0, 0, 1;
    %pushi/vec4 2, 0, 2;
    %store/vec4 v000001a435fc3c10_0, 0, 2;
    %delay 10000, 0;
    %pushi/vec4 0, 0, 2;
    %store/vec4 v000001a435fc3c10_0, 0, 2;
    %delay 10000, 0;
    %pushi/vec4 2, 0, 2;
    %store/vec4 v000001a435fc3c10_0, 0, 2;
    %delay 10000, 0;
    %pushi/vec4 0, 0, 2;
    %store/vec4 v000001a435fc3c10_0, 0, 2;
    %delay 10000, 0;
    %pushi/vec4 1, 0, 2;
    %store/vec4 v000001a435fc3c10_0, 0, 2;
    %delay 10000, 0;
    %pushi/vec4 0, 0, 2;
    %store/vec4 v000001a435fc3c10_0, 0, 2;
    %delay 10000, 0;
    %pushi/vec4 1, 0, 2;
    %store/vec4 v000001a435fc3c10_0, 0, 2;
    %delay 10000, 0;
    %pushi/vec4 0, 0, 2;
    %store/vec4 v000001a435fc3c10_0, 0, 2;
    %delay 10000, 0;
    %pushi/vec4 2, 0, 2;
    %store/vec4 v000001a435fc3c10_0, 0, 2;
    %delay 10000, 0;
    %pushi/vec4 0, 0, 2;
    %store/vec4 v000001a435fc3c10_0, 0, 2;
    %delay 10000, 0;
    %pushi/vec4 2, 0, 2;
    %store/vec4 v000001a435fc3c10_0, 0, 2;
    %delay 10000, 0;
    %pushi/vec4 0, 0, 2;
    %store/vec4 v000001a435fc3c10_0, 0, 2;
    %delay 10000, 0;
    %pushi/vec4 2, 0, 2;
    %store/vec4 v000001a435fc3c10_0, 0, 2;
    %delay 10000, 0;
    %pushi/vec4 0, 0, 2;
    %store/vec4 v000001a435fc3c10_0, 0, 2;
    %delay 10000, 0;
    %pushi/vec4 1, 0, 2;
    %store/vec4 v000001a435fc3c10_0, 0, 2;
    %delay 10000, 0;
    %pushi/vec4 0, 0, 2;
    %store/vec4 v000001a435fc3c10_0, 0, 2;
    %delay 10000, 0;
    %delay 50000, 0;
    %vpi_call 2 43 "$finish" {0 0 0};
    %end;
    .thread T_3;
# The file index is used to find the file name in the following table.
:file_names 4;
    "N/A";
    "<interactive>";
    "tb_vending_mealy.v";
    "vending_mealy.v";
