#! /c/Source/iverilog-install/bin/vvp
:ivl_version "12.0 (devel)" "(s20150603-1539-g2693dd32b)";
:ivl_delay_selection "TYPICAL";
:vpi_time_precision - 12;
:vpi_module "C:\iverilog\lib\ivl\system.vpi";
:vpi_module "C:\iverilog\lib\ivl\vhdl_sys.vpi";
:vpi_module "C:\iverilog\lib\ivl\vhdl_textio.vpi";
:vpi_module "C:\iverilog\lib\ivl\v2005_math.vpi";
:vpi_module "C:\iverilog\lib\ivl\va_math.vpi";
S_000001454ec4ad70 .scope module, "tb_seq_detect_mealy" "tb_seq_detect_mealy" 2 5;
 .timescale -9 -12;
v000001454eb14f00_0 .var "clk", 0 0;
v000001454eb6c020_0 .var "din", 0 0;
v000001454eb6c0c0_0 .var/i "i", 31 0;
v000001454eb6c160_0 .var/i "n", 31 0;
v000001454eb6c200_0 .var "rst", 0 0;
v000001454eb6c2a0_0 .var "stream", 0 99;
v000001454eb6c340_0 .net "y", 0 0, v000001454eb14e60_0;  1 drivers
S_000001454eb1b4b0 .scope task, "drive_stream" "drive_stream" 2 23, 2 23 0, S_000001454ec4ad70;
 .timescale -9 -12;
v000001454eae3550_0 .var/i "nbits", 31 0;
E_000001454eb09330 .event posedge, v000001454eae30e0_0;
TD_tb_seq_detect_mealy.drive_stream ;
    %pushi/vec4 0, 0, 32;
    %store/vec4 v000001454eb6c0c0_0, 0, 32;
T_0.0 ;
    %load/vec4 v000001454eb6c0c0_0;
    %load/vec4 v000001454eae3550_0;
    %cmp/s;
    %jmp/0xz T_0.1, 5;
    %load/vec4 v000001454eb6c2a0_0;
    %pushi/vec4 99, 0, 34;
    %load/vec4 v000001454eb6c0c0_0;
    %pad/s 34;
    %sub;
    %part/s 1;
    %store/vec4 v000001454eb6c020_0, 0, 1;
    %wait E_000001454eb09330;
    %vpi_call 2 29 "$display", "t=%0t ns  cycle=%0d  din=%0d  y=%0d", $time, v000001454eb6c0c0_0, v000001454eb6c020_0, v000001454eb6c340_0 {0 0 0};
    %load/vec4 v000001454eb6c0c0_0;
    %addi 1, 0, 32;
    %store/vec4 v000001454eb6c0c0_0, 0, 32;
    %jmp T_0.0;
T_0.1 ;
    %end;
S_000001454eb1b640 .scope module, "dut" "seq_detect_mealy" 2 10, 3 4 0, S_000001454ec4ad70;
 .timescale -9 -12;
    .port_info 0 /INPUT 1 "clk";
    .port_info 1 /INPUT 1 "rst";
    .port_info 2 /INPUT 1 "din";
    .port_info 3 /OUTPUT 1 "y";
P_000001454ec4af00 .param/l "S0" 1 3 12, C4<00>;
P_000001454ec4af38 .param/l "S1" 1 3 13, C4<01>;
P_000001454ec4af70 .param/l "S11" 1 3 14, C4<10>;
P_000001454ec4afa8 .param/l "S110" 1 3 15, C4<11>;
v000001454eae30e0_0 .net "clk", 0 0, v000001454eb14f00_0;  1 drivers
v000001454eb1b7d0_0 .net "din", 0 0, v000001454eb6c020_0;  1 drivers
v000001454eb1b870_0 .var "next_state", 1 0;
v000001454eb14d20_0 .net "rst", 0 0, v000001454eb6c200_0;  1 drivers
v000001454eb14dc0_0 .var "state", 1 0;
v000001454eb14e60_0 .var "y", 0 0;
E_000001454eb09270 .event anyedge, v000001454eb14dc0_0, v000001454eb1b7d0_0;
    .scope S_000001454eb1b640;
T_1 ;
    %wait E_000001454eb09270;
    %load/vec4 v000001454eb14dc0_0;
    %store/vec4 v000001454eb1b870_0, 0, 2;
    %pushi/vec4 0, 0, 1;
    %store/vec4 v000001454eb14e60_0, 0, 1;
    %load/vec4 v000001454eb14dc0_0;
    %dup/vec4;
    %pushi/vec4 0, 0, 2;
    %cmp/u;
    %jmp/1 T_1.0, 6;
    %dup/vec4;
    %pushi/vec4 1, 0, 2;
    %cmp/u;
    %jmp/1 T_1.1, 6;
    %dup/vec4;
    %pushi/vec4 2, 0, 2;
    %cmp/u;
    %jmp/1 T_1.2, 6;
    %dup/vec4;
    %pushi/vec4 3, 0, 2;
    %cmp/u;
    %jmp/1 T_1.3, 6;
    %pushi/vec4 0, 0, 2;
    %store/vec4 v000001454eb1b870_0, 0, 2;
    %jmp T_1.5;
T_1.0 ;
    %load/vec4 v000001454eb1b7d0_0;
    %flag_set/vec4 8;
    %jmp/0xz  T_1.6, 8;
    %pushi/vec4 1, 0, 2;
    %store/vec4 v000001454eb1b870_0, 0, 2;
    %jmp T_1.7;
T_1.6 ;
    %pushi/vec4 0, 0, 2;
    %store/vec4 v000001454eb1b870_0, 0, 2;
T_1.7 ;
    %jmp T_1.5;
T_1.1 ;
    %load/vec4 v000001454eb1b7d0_0;
    %flag_set/vec4 8;
    %jmp/0xz  T_1.8, 8;
    %pushi/vec4 2, 0, 2;
    %store/vec4 v000001454eb1b870_0, 0, 2;
    %jmp T_1.9;
T_1.8 ;
    %pushi/vec4 0, 0, 2;
    %store/vec4 v000001454eb1b870_0, 0, 2;
T_1.9 ;
    %jmp T_1.5;
T_1.2 ;
    %load/vec4 v000001454eb1b7d0_0;
    %flag_set/vec4 8;
    %jmp/0xz  T_1.10, 8;
    %pushi/vec4 2, 0, 2;
    %store/vec4 v000001454eb1b870_0, 0, 2;
    %jmp T_1.11;
T_1.10 ;
    %pushi/vec4 3, 0, 2;
    %store/vec4 v000001454eb1b870_0, 0, 2;
T_1.11 ;
    %jmp T_1.5;
T_1.3 ;
    %load/vec4 v000001454eb1b7d0_0;
    %flag_set/vec4 8;
    %jmp/0xz  T_1.12, 8;
    %pushi/vec4 1, 0, 1;
    %store/vec4 v000001454eb14e60_0, 0, 1;
    %pushi/vec4 1, 0, 2;
    %store/vec4 v000001454eb1b870_0, 0, 2;
    %jmp T_1.13;
T_1.12 ;
    %pushi/vec4 0, 0, 2;
    %store/vec4 v000001454eb1b870_0, 0, 2;
T_1.13 ;
    %jmp T_1.5;
T_1.5 ;
    %pop/vec4 1;
    %jmp T_1;
    .thread T_1, $push;
    .scope S_000001454eb1b640;
T_2 ;
    %wait E_000001454eb09330;
    %load/vec4 v000001454eb14d20_0;
    %flag_set/vec4 8;
    %jmp/0xz  T_2.0, 8;
    %pushi/vec4 0, 0, 2;
    %assign/vec4 v000001454eb14dc0_0, 0;
    %jmp T_2.1;
T_2.0 ;
    %load/vec4 v000001454eb1b870_0;
    %assign/vec4 v000001454eb14dc0_0, 0;
T_2.1 ;
    %jmp T_2;
    .thread T_2;
    .scope S_000001454ec4ad70;
T_3 ;
    %pushi/vec4 0, 0, 1;
    %store/vec4 v000001454eb14f00_0, 0, 1;
T_3.0 ;
    %delay 5000, 0;
    %load/vec4 v000001454eb14f00_0;
    %inv;
    %store/vec4 v000001454eb14f00_0, 0, 1;
    %jmp T_3.0;
    %end;
    .thread T_3;
    .scope S_000001454ec4ad70;
T_4 ;
    %vpi_call 2 36 "$dumpfile", "waves/dump.vcd" {0 0 0};
    %vpi_call 2 37 "$dumpvars", 32'sb00000000000000000000000000000000, S_000001454ec4ad70 {0 0 0};
    %pushi/vec4 1, 0, 1;
    %store/vec4 v000001454eb6c200_0, 0, 1;
    %pushi/vec4 0, 0, 1;
    %store/vec4 v000001454eb6c020_0, 0, 1;
    %pushi/vec4 2, 0, 32;
T_4.0 %dup/vec4;
    %pushi/vec4 0, 0, 32;
    %cmp/s;
    %jmp/1xz T_4.1, 5;
    %jmp/1 T_4.1, 4;
    %pushi/vec4 1, 0, 32;
    %sub;
    %wait E_000001454eb09330;
    %jmp T_4.0;
T_4.1 ;
    %pop/vec4 1;
    %pushi/vec4 0, 0, 1;
    %store/vec4 v000001454eb6c200_0, 0, 1;
    %pushi/vec4 1, 0, 1;
    %ix/load 4, 99, 0;
    %flag_set/imm 4, 0;
    %store/vec4 v000001454eb6c2a0_0, 4, 1;
    %pushi/vec4 1, 0, 1;
    %ix/load 4, 98, 0;
    %flag_set/imm 4, 0;
    %store/vec4 v000001454eb6c2a0_0, 4, 1;
    %pushi/vec4 0, 0, 1;
    %ix/load 4, 97, 0;
    %flag_set/imm 4, 0;
    %store/vec4 v000001454eb6c2a0_0, 4, 1;
    %pushi/vec4 1, 0, 1;
    %ix/load 4, 96, 0;
    %flag_set/imm 4, 0;
    %store/vec4 v000001454eb6c2a0_0, 4, 1;
    %pushi/vec4 1, 0, 1;
    %ix/load 4, 95, 0;
    %flag_set/imm 4, 0;
    %store/vec4 v000001454eb6c2a0_0, 4, 1;
    %pushi/vec4 0, 0, 1;
    %ix/load 4, 94, 0;
    %flag_set/imm 4, 0;
    %store/vec4 v000001454eb6c2a0_0, 4, 1;
    %pushi/vec4 1, 0, 1;
    %ix/load 4, 93, 0;
    %flag_set/imm 4, 0;
    %store/vec4 v000001454eb6c2a0_0, 4, 1;
    %pushi/vec4 1, 0, 1;
    %ix/load 4, 92, 0;
    %flag_set/imm 4, 0;
    %store/vec4 v000001454eb6c2a0_0, 4, 1;
    %pushi/vec4 0, 0, 1;
    %ix/load 4, 91, 0;
    %flag_set/imm 4, 0;
    %store/vec4 v000001454eb6c2a0_0, 4, 1;
    %pushi/vec4 1, 0, 1;
    %ix/load 4, 90, 0;
    %flag_set/imm 4, 0;
    %store/vec4 v000001454eb6c2a0_0, 4, 1;
    %pushi/vec4 10, 0, 32;
    %store/vec4 v000001454eae3550_0, 0, 32;
    %fork TD_tb_seq_detect_mealy.drive_stream, S_000001454eb1b4b0;
    %join;
    %pushi/vec4 1, 0, 1;
    %store/vec4 v000001454eb6c200_0, 0, 1;
    %wait E_000001454eb09330;
    %pushi/vec4 0, 0, 1;
    %store/vec4 v000001454eb6c200_0, 0, 1;
    %pushi/vec4 13, 0, 32;
    %store/vec4 v000001454eb6c160_0, 0, 32;
    %pushi/vec4 1, 0, 1;
    %ix/load 4, 99, 0;
    %flag_set/imm 4, 0;
    %store/vec4 v000001454eb6c2a0_0, 4, 1;
    %pushi/vec4 0, 0, 1;
    %ix/load 4, 98, 0;
    %flag_set/imm 4, 0;
    %store/vec4 v000001454eb6c2a0_0, 4, 1;
    %pushi/vec4 1, 0, 1;
    %ix/load 4, 97, 0;
    %flag_set/imm 4, 0;
    %store/vec4 v000001454eb6c2a0_0, 4, 1;
    %pushi/vec4 1, 0, 1;
    %ix/load 4, 96, 0;
    %flag_set/imm 4, 0;
    %store/vec4 v000001454eb6c2a0_0, 4, 1;
    %pushi/vec4 0, 0, 1;
    %ix/load 4, 95, 0;
    %flag_set/imm 4, 0;
    %store/vec4 v000001454eb6c2a0_0, 4, 1;
    %pushi/vec4 1, 0, 1;
    %ix/load 4, 94, 0;
    %flag_set/imm 4, 0;
    %store/vec4 v000001454eb6c2a0_0, 4, 1;
    %pushi/vec4 1, 0, 1;
    %ix/load 4, 93, 0;
    %flag_set/imm 4, 0;
    %store/vec4 v000001454eb6c2a0_0, 4, 1;
    %pushi/vec4 0, 0, 1;
    %ix/load 4, 92, 0;
    %flag_set/imm 4, 0;
    %store/vec4 v000001454eb6c2a0_0, 4, 1;
    %pushi/vec4 0, 0, 1;
    %ix/load 4, 91, 0;
    %flag_set/imm 4, 0;
    %store/vec4 v000001454eb6c2a0_0, 4, 1;
    %pushi/vec4 1, 0, 1;
    %ix/load 4, 90, 0;
    %flag_set/imm 4, 0;
    %store/vec4 v000001454eb6c2a0_0, 4, 1;
    %pushi/vec4 1, 0, 1;
    %ix/load 4, 89, 0;
    %flag_set/imm 4, 0;
    %store/vec4 v000001454eb6c2a0_0, 4, 1;
    %pushi/vec4 0, 0, 1;
    %ix/load 4, 88, 0;
    %flag_set/imm 4, 0;
    %store/vec4 v000001454eb6c2a0_0, 4, 1;
    %pushi/vec4 1, 0, 1;
    %ix/load 4, 87, 0;
    %flag_set/imm 4, 0;
    %store/vec4 v000001454eb6c2a0_0, 4, 1;
    %load/vec4 v000001454eb6c160_0;
    %store/vec4 v000001454eae3550_0, 0, 32;
    %fork TD_tb_seq_detect_mealy.drive_stream, S_000001454eb1b4b0;
    %join;
    %wait E_000001454eb09330;
    %vpi_call 2 83 "$finish" {0 0 0};
    %end;
    .thread T_4;
# The file index is used to find the file name in the following table.
:file_names 4;
    "N/A";
    "<interactive>";
    "tb_seq_detect_mealy.v";
    "seq_detect_mealy.v";
