#! /c/Source/iverilog-install/bin/vvp
:ivl_version "12.0 (devel)" "(s20150603-1539-g2693dd32b)";
:ivl_delay_selection "TYPICAL";
:vpi_time_precision - 12;
:vpi_module "C:\iverilog\lib\ivl\system.vpi";
:vpi_module "C:\iverilog\lib\ivl\vhdl_sys.vpi";
:vpi_module "C:\iverilog\lib\ivl\vhdl_textio.vpi";
:vpi_module "C:\iverilog\lib\ivl\v2005_math.vpi";
:vpi_module "C:\iverilog\lib\ivl\va_math.vpi";
S_000001e2d257d960 .scope module, "tb_traffic_light" "tb_traffic_light" 2 3;
 .timescale -9 -12;
v000001e2d24fe120_0 .var "clk", 0 0;
v000001e2d24fdcc0_0 .net "ew_g", 0 0, v000001e2d257beb0_0;  1 drivers
v000001e2d24fd540_0 .net "ew_r", 0 0, v000001e2d2499860_0;  1 drivers
v000001e2d24fd5e0_0 .net "ew_y", 0 0, v000001e2d257dc80_0;  1 drivers
v000001e2d24fd4a0_0 .net "ns_g", 0 0, v000001e2d24729e0_0;  1 drivers
v000001e2d24fe260_0 .net "ns_r", 0 0, v000001e2d2472a80_0;  1 drivers
v000001e2d24fdc20_0 .net "ns_y", 0 0, v000001e2d2472b20_0;  1 drivers
v000001e2d24fd860_0 .var "rst", 0 0;
v000001e2d24fdae0_0 .var "tick", 0 0;
S_000001e2d257daf0 .scope module, "dut" "traffic_light" 2 8, 3 1 0, S_000001e2d257d960;
 .timescale -9 -12;
    .port_info 0 /INPUT 1 "clk";
    .port_info 1 /INPUT 1 "rst";
    .port_info 2 /INPUT 1 "tick";
    .port_info 3 /OUTPUT 1 "ns_g";
    .port_info 4 /OUTPUT 1 "ns_y";
    .port_info 5 /OUTPUT 1 "ns_r";
    .port_info 6 /OUTPUT 1 "ew_g";
    .port_info 7 /OUTPUT 1 "ew_y";
    .port_info 8 /OUTPUT 1 "ew_r";
P_000001e2d2472810 .param/l "EW_GREEN" 1 3 12, C4<10>;
P_000001e2d2472848 .param/l "EW_G_TIME" 1 3 21, +C4<00000000000000000000000000000101>;
P_000001e2d2472880 .param/l "EW_YELLOW" 1 3 13, C4<11>;
P_000001e2d24728b8 .param/l "EW_Y_TIME" 1 3 22, +C4<00000000000000000000000000000010>;
P_000001e2d24728f0 .param/l "NS_GREEN" 1 3 10, C4<00>;
P_000001e2d2472928 .param/l "NS_G_TIME" 1 3 19, +C4<00000000000000000000000000000101>;
P_000001e2d2472960 .param/l "NS_YELLOW" 1 3 11, C4<01>;
P_000001e2d2472998 .param/l "NS_Y_TIME" 1 3 20, +C4<00000000000000000000000000000010>;
v000001e2d2473060_0 .net "clk", 0 0, v000001e2d24fe120_0;  1 drivers
v000001e2d257beb0_0 .var "ew_g", 0 0;
v000001e2d2499860_0 .var "ew_r", 0 0;
v000001e2d257dc80_0 .var "ew_y", 0 0;
v000001e2d257dd20_0 .var "next_state", 1 0;
v000001e2d24729e0_0 .var "ns_g", 0 0;
v000001e2d2472a80_0 .var "ns_r", 0 0;
v000001e2d2472b20_0 .var "ns_y", 0 0;
v000001e2d2472bc0_0 .net "rst", 0 0, v000001e2d24fd860_0;  1 drivers
v000001e2d24a4450_0 .var "state", 1 0;
v000001e2d24a44f0_0 .net "tick", 0 0, v000001e2d24fdae0_0;  1 drivers
v000001e2d24a4590_0 .var "tick_count", 2 0;
E_000001e2d249a8d0 .event anyedge, v000001e2d24a4450_0;
E_000001e2d2499e90 .event posedge, v000001e2d2473060_0;
    .scope S_000001e2d257daf0;
T_0 ;
    %wait E_000001e2d2499e90;
    %load/vec4 v000001e2d2472bc0_0;
    %flag_set/vec4 8;
    %jmp/0xz  T_0.0, 8;
    %pushi/vec4 0, 0, 2;
    %assign/vec4 v000001e2d24a4450_0, 0;
    %pushi/vec4 0, 0, 3;
    %assign/vec4 v000001e2d24a4590_0, 0;
    %jmp T_0.1;
T_0.0 ;
    %load/vec4 v000001e2d24a44f0_0;
    %flag_set/vec4 8;
    %jmp/0xz  T_0.2, 8;
    %load/vec4 v000001e2d24a4450_0;
    %cmpi/e 0, 0, 2;
    %flag_get/vec4 4;
    %jmp/0 T_0.9, 4;
    %load/vec4 v000001e2d24a4590_0;
    %pad/u 32;
    %pushi/vec4 4, 0, 32;
    %cmp/e;
    %flag_get/vec4 4;
    %and;
T_0.9;
    %flag_set/vec4 8;
    %jmp/1 T_0.8, 8;
    %load/vec4 v000001e2d24a4450_0;
    %cmpi/e 1, 0, 2;
    %flag_get/vec4 4;
    %jmp/0 T_0.10, 4;
    %load/vec4 v000001e2d24a4590_0;
    %pad/u 32;
    %pushi/vec4 1, 0, 32;
    %cmp/e;
    %flag_get/vec4 4;
    %and;
T_0.10;
    %flag_set/vec4 9;
    %flag_or 8, 9;
T_0.8;
    %jmp/1 T_0.7, 8;
    %load/vec4 v000001e2d24a4450_0;
    %cmpi/e 2, 0, 2;
    %flag_get/vec4 4;
    %jmp/0 T_0.11, 4;
    %load/vec4 v000001e2d24a4590_0;
    %pad/u 32;
    %pushi/vec4 4, 0, 32;
    %cmp/e;
    %flag_get/vec4 4;
    %and;
T_0.11;
    %flag_set/vec4 9;
    %flag_or 8, 9;
T_0.7;
    %jmp/1 T_0.6, 8;
    %load/vec4 v000001e2d24a4450_0;
    %cmpi/e 3, 0, 2;
    %flag_get/vec4 4;
    %jmp/0 T_0.12, 4;
    %load/vec4 v000001e2d24a4590_0;
    %pad/u 32;
    %pushi/vec4 1, 0, 32;
    %cmp/e;
    %flag_get/vec4 4;
    %and;
T_0.12;
    %flag_set/vec4 9;
    %flag_or 8, 9;
T_0.6;
    %jmp/0xz  T_0.4, 8;
    %load/vec4 v000001e2d257dd20_0;
    %assign/vec4 v000001e2d24a4450_0, 0;
    %pushi/vec4 0, 0, 3;
    %assign/vec4 v000001e2d24a4590_0, 0;
    %jmp T_0.5;
T_0.4 ;
    %load/vec4 v000001e2d24a4590_0;
    %addi 1, 0, 3;
    %assign/vec4 v000001e2d24a4590_0, 0;
T_0.5 ;
T_0.2 ;
T_0.1 ;
    %jmp T_0;
    .thread T_0;
    .scope S_000001e2d257daf0;
T_1 ;
    %wait E_000001e2d249a8d0;
    %load/vec4 v000001e2d24a4450_0;
    %dup/vec4;
    %pushi/vec4 0, 0, 2;
    %cmp/u;
    %jmp/1 T_1.0, 6;
    %dup/vec4;
    %pushi/vec4 1, 0, 2;
    %cmp/u;
    %jmp/1 T_1.1, 6;
    %dup/vec4;
    %pushi/vec4 2, 0, 2;
    %cmp/u;
    %jmp/1 T_1.2, 6;
    %dup/vec4;
    %pushi/vec4 3, 0, 2;
    %cmp/u;
    %jmp/1 T_1.3, 6;
    %pushi/vec4 0, 0, 2;
    %store/vec4 v000001e2d257dd20_0, 0, 2;
    %jmp T_1.5;
T_1.0 ;
    %pushi/vec4 1, 0, 2;
    %store/vec4 v000001e2d257dd20_0, 0, 2;
    %jmp T_1.5;
T_1.1 ;
    %pushi/vec4 2, 0, 2;
    %store/vec4 v000001e2d257dd20_0, 0, 2;
    %jmp T_1.5;
T_1.2 ;
    %pushi/vec4 3, 0, 2;
    %store/vec4 v000001e2d257dd20_0, 0, 2;
    %jmp T_1.5;
T_1.3 ;
    %pushi/vec4 0, 0, 2;
    %store/vec4 v000001e2d257dd20_0, 0, 2;
    %jmp T_1.5;
T_1.5 ;
    %pop/vec4 1;
    %jmp T_1;
    .thread T_1, $push;
    .scope S_000001e2d257daf0;
T_2 ;
    %wait E_000001e2d249a8d0;
    %pushi/vec4 0, 0, 1;
    %store/vec4 v000001e2d24729e0_0, 0, 1;
    %pushi/vec4 0, 0, 1;
    %store/vec4 v000001e2d2472b20_0, 0, 1;
    %pushi/vec4 0, 0, 1;
    %store/vec4 v000001e2d2472a80_0, 0, 1;
    %pushi/vec4 0, 0, 1;
    %store/vec4 v000001e2d257beb0_0, 0, 1;
    %pushi/vec4 0, 0, 1;
    %store/vec4 v000001e2d257dc80_0, 0, 1;
    %pushi/vec4 0, 0, 1;
    %store/vec4 v000001e2d2499860_0, 0, 1;
    %load/vec4 v000001e2d24a4450_0;
    %dup/vec4;
    %pushi/vec4 0, 0, 2;
    %cmp/u;
    %jmp/1 T_2.0, 6;
    %dup/vec4;
    %pushi/vec4 1, 0, 2;
    %cmp/u;
    %jmp/1 T_2.1, 6;
    %dup/vec4;
    %pushi/vec4 2, 0, 2;
    %cmp/u;
    %jmp/1 T_2.2, 6;
    %dup/vec4;
    %pushi/vec4 3, 0, 2;
    %cmp/u;
    %jmp/1 T_2.3, 6;
    %jmp T_2.4;
T_2.0 ;
    %pushi/vec4 1, 0, 1;
    %store/vec4 v000001e2d24729e0_0, 0, 1;
    %pushi/vec4 1, 0, 1;
    %store/vec4 v000001e2d2499860_0, 0, 1;
    %jmp T_2.4;
T_2.1 ;
    %pushi/vec4 1, 0, 1;
    %store/vec4 v000001e2d2472b20_0, 0, 1;
    %pushi/vec4 1, 0, 1;
    %store/vec4 v000001e2d2499860_0, 0, 1;
    %jmp T_2.4;
T_2.2 ;
    %pushi/vec4 1, 0, 1;
    %store/vec4 v000001e2d257beb0_0, 0, 1;
    %pushi/vec4 1, 0, 1;
    %store/vec4 v000001e2d2472a80_0, 0, 1;
    %jmp T_2.4;
T_2.3 ;
    %pushi/vec4 1, 0, 1;
    %store/vec4 v000001e2d257dc80_0, 0, 1;
    %pushi/vec4 1, 0, 1;
    %store/vec4 v000001e2d2472a80_0, 0, 1;
    %jmp T_2.4;
T_2.4 ;
    %pop/vec4 1;
    %jmp T_2;
    .thread T_2, $push;
    .scope S_000001e2d257d960;
T_3 ;
    %pushi/vec4 0, 0, 1;
    %store/vec4 v000001e2d24fe120_0, 0, 1;
    %end;
    .thread T_3;
    .scope S_000001e2d257d960;
T_4 ;
    %delay 5000, 0;
    %load/vec4 v000001e2d24fe120_0;
    %inv;
    %store/vec4 v000001e2d24fe120_0, 0, 1;
    %jmp T_4;
    .thread T_4;
    .scope S_000001e2d257d960;
T_5 ;
    %vpi_call 2 20 "$dumpfile", "dump.vcd" {0 0 0};
    %vpi_call 2 21 "$dumpvars", 32'sb00000000000000000000000000000000, S_000001e2d257d960 {0 0 0};
    %pushi/vec4 1, 0, 1;
    %store/vec4 v000001e2d24fd860_0, 0, 1;
    %pushi/vec4 0, 0, 1;
    %store/vec4 v000001e2d24fdae0_0, 0, 1;
    %delay 20000, 0;
    %pushi/vec4 0, 0, 1;
    %store/vec4 v000001e2d24fd860_0, 0, 1;
T_5.0 ;
    %delay 100000, 0;
    %pushi/vec4 1, 0, 1;
    %store/vec4 v000001e2d24fdae0_0, 0, 1;
    %delay 10000, 0;
    %pushi/vec4 0, 0, 1;
    %store/vec4 v000001e2d24fdae0_0, 0, 1;
    %jmp T_5.0;
    %end;
    .thread T_5;
    .scope S_000001e2d257d960;
T_6 ;
    %delay 400000000, 0;
    %vpi_call 2 35 "$finish" {0 0 0};
    %end;
    .thread T_6;
# The file index is used to find the file name in the following table.
:file_names 4;
    "N/A";
    "<interactive>";
    "tb_traffic_light.v";
    "traffic_light.v";
